Determining if the pthread_create exist failed with the following output:
Change Dir: /home/myriam/Projet/cpp_indie_studio/cmake-build-debug/CMakeFiles/CMakeTmp

Run Build Command:"/usr/bin/make" "cmTC_50a36/fast"
/usr/bin/make -f CMakeFiles/cmTC_50a36.dir/build.make CMakeFiles/cmTC_50a36.dir/build
make[1] : on entre dans le répertoire « /home/myriam/Projet/cpp_indie_studio/cmake-build-debug/CMakeFiles/CMakeTmp »
Building C object CMakeFiles/cmTC_50a36.dir/CheckSymbolExists.c.o
/usr/bin/cc     -o CMakeFiles/cmTC_50a36.dir/CheckSymbolExists.c.o   -c /home/myriam/Projet/cpp_indie_studio/cmake-build-debug/CMakeFiles/CMakeTmp/CheckSymbolExists.c
Linking C executable cmTC_50a36
/home/myriam/clion-2017.1.3/bin/cmake/bin/cmake -E cmake_link_script CMakeFiles/cmTC_50a36.dir/link.txt --verbose=1
/usr/bin/cc       CMakeFiles/cmTC_50a36.dir/CheckSymbolExists.c.o  -o cmTC_50a36 -rdynamic 
CMakeFiles/cmTC_50a36.dir/CheckSymbolExists.c.o : Dans la fonction « main » :
CheckSymbolExists.c:(.text+0x16) : référence indéfinie vers « pthread_create »
collect2: error: ld returned 1 exit status
CMakeFiles/cmTC_50a36.dir/build.make:97 : la recette pour la cible « cmTC_50a36 » a échouée
make[1]: *** [cmTC_50a36] Erreur 1
make[1] : on quitte le répertoire « /home/myriam/Projet/cpp_indie_studio/cmake-build-debug/CMakeFiles/CMakeTmp »
Makefile:126 : la recette pour la cible « cmTC_50a36/fast » a échouée
make: *** [cmTC_50a36/fast] Erreur 2

File /home/myriam/Projet/cpp_indie_studio/cmake-build-debug/CMakeFiles/CMakeTmp/CheckSymbolExists.c:
/* */
#include <pthread.h>

int main(int argc, char** argv)
{
  (void)argv;
#ifndef pthread_create
  return ((int*)(&pthread_create))[argc];
#else
  (void)argc;
  return 0;
#endif
}

Determining if the function pthread_create exists in the pthreads failed with the following output:
Change Dir: /home/myriam/Projet/cpp_indie_studio/cmake-build-debug/CMakeFiles/CMakeTmp

Run Build Command:"/usr/bin/make" "cmTC_3501b/fast"
/usr/bin/make -f CMakeFiles/cmTC_3501b.dir/build.make CMakeFiles/cmTC_3501b.dir/build
make[1] : on entre dans le répertoire « /home/myriam/Projet/cpp_indie_studio/cmake-build-debug/CMakeFiles/CMakeTmp »
Building C object CMakeFiles/cmTC_3501b.dir/CheckFunctionExists.c.o
/usr/bin/cc    -DCHECK_FUNCTION_EXISTS=pthread_create   -o CMakeFiles/cmTC_3501b.dir/CheckFunctionExists.c.o   -c /home/myriam/clion-2017.1.3/bin/cmake/share/cmake-3.7/Modules/CheckFunctionExists.c
Linking C executable cmTC_3501b
/home/myriam/clion-2017.1.3/bin/cmake/bin/cmake -E cmake_link_script CMakeFiles/cmTC_3501b.dir/link.txt --verbose=1
/usr/bin/cc   -DCHECK_FUNCTION_EXISTS=pthread_create    CMakeFiles/cmTC_3501b.dir/CheckFunctionExists.c.o  -o cmTC_3501b -rdynamic -lpthreads 
/usr/bin/ld : ne peut trouver -lpthreads
collect2: error: ld returned 1 exit status
CMakeFiles/cmTC_3501b.dir/build.make:97 : la recette pour la cible « cmTC_3501b » a échouée
make[1]: *** [cmTC_3501b] Erreur 1
make[1] : on quitte le répertoire « /home/myriam/Projet/cpp_indie_studio/cmake-build-debug/CMakeFiles/CMakeTmp »
Makefile:126 : la recette pour la cible « cmTC_3501b/fast » a échouée
make: *** [cmTC_3501b/fast] Erreur 2


