14/06/2017 11:32:59 (Std) 	+-+-+-+-+-+-+-+-+-+-+-+-+-+-+-+-+-+-+-+-+-+-+-+-+-+-+-+-+-+-+-+-+-+-+-+-+-+-+-+
14/06/2017 11:32:59 (Std) 	+                     Crazy Eddie's GUI System - Event log                    +
14/06/2017 11:32:59 (Std) 	+                          (http://www.cegui.org.uk/)                         +
14/06/2017 11:32:59 (Std) 	+-+-+-+-+-+-+-+-+-+-+-+-+-+-+-+-+-+-+-+-+-+-+-+-+-+-+-+-+-+-+-+-+-+-+-+-+-+-+-+

14/06/2017 11:32:59 (Std) 	CEGUI::Logger singleton created. (0x29cef00)
14/06/2017 11:32:59 (Std) 	
14/06/2017 11:32:59 (Std) 	********************************************************************************
14/06/2017 11:32:59 (Std) 	* Important:                                                                   *
14/06/2017 11:32:59 (Std) 	*     To get support at the CEGUI forums, you must post _at least_ the section *
14/06/2017 11:32:59 (Std) 	*     of this log file indicated below.  Failure to do this will result in no  *
14/06/2017 11:32:59 (Std) 	*     support being given; please do not waste our time.                       *
14/06/2017 11:32:59 (Std) 	********************************************************************************
14/06/2017 11:32:59 (Std) 	********************************************************************************
14/06/2017 11:32:59 (Std) 	* -------- START OF ESSENTIAL SECTION TO BE POSTED ON THE FORUM       -------- *
14/06/2017 11:32:59 (Std) 	********************************************************************************
14/06/2017 11:32:59 (Std) 	---- Version: 0.8.7 (Build: May 25 2017 GNU/Linux g++ 5.4.0 20160609 64 bit) ----
14/06/2017 11:32:59 (Std) 	---- Renderer module is: CEGUI::OgreRenderer - Official OGRE based 2nd generation renderer module. ----
14/06/2017 11:32:59 (Std) 	---- XML Parser module is: CEGUI::ExpatParser - Official expat based parser module for CEGUI ----
14/06/2017 11:32:59 (Std) 	---- Image Codec module is: OgreImageCodec - Integrated ImageCodec using the Ogre engine. ----
14/06/2017 11:32:59 (Std) 	---- Scripting module is: None ----
14/06/2017 11:32:59 (Std) 	********************************************************************************
14/06/2017 11:32:59 (Std) 	* -------- END OF ESSENTIAL SECTION TO BE POSTED ON THE FORUM         -------- *
14/06/2017 11:32:59 (Std) 	********************************************************************************
14/06/2017 11:32:59 (Std) 	
14/06/2017 11:32:59 (Std) 	---- Begining CEGUI System initialisation ----
14/06/2017 11:32:59 (Std) 	[CEGUI::ImageManager] Singleton created (0x29d0c20)
14/06/2017 11:32:59 (Std) 	[CEGUI::ImageManager] Registered Image type: BasicImage
14/06/2017 11:32:59 (Std) 	CEGUI::FontManager singleton created. (0x29d0ad0)
14/06/2017 11:32:59 (Std) 	CEGUI::WindowFactoryManager singleton created
14/06/2017 11:32:59 (Std) 	CEGUI::WindowManager singleton created (0x2554fa0)
14/06/2017 11:32:59 (Std) 	CEGUI::SchemeManager singleton created. (0x29d0db0)
14/06/2017 11:32:59 (Std) 	CEGUI::GlobalEventSet singleton created. (0x2555d80)
14/06/2017 11:32:59 (Std) 	CEGUI::AnimationManager singleton created (0x29d0410)
14/06/2017 11:32:59 (Std) 	CEGUI::WidgetLookManager singleton created. (0x2558370)
14/06/2017 11:32:59 (Std) 	CEGUI::WindowRendererManager singleton created (0x2558250)
14/06/2017 11:32:59 (Std) 	CEGUI::RenderEffectManager singleton created (0x2554d50)
14/06/2017 11:32:59 (Std) 	Created WindowFactory for 'DefaultWindow' windows.
14/06/2017 11:32:59 (Std) 	WindowFactory for 'DefaultWindow' windows added. (0x29d5050)
14/06/2017 11:32:59 (Std) 	Created WindowFactory for 'DragContainer' windows.
14/06/2017 11:32:59 (Std) 	WindowFactory for 'DragContainer' windows added. (0x29d51f0)
14/06/2017 11:32:59 (Std) 	Created WindowFactory for 'ScrolledContainer' windows.
14/06/2017 11:32:59 (Std) 	WindowFactory for 'ScrolledContainer' windows added. (0x29d5390)
14/06/2017 11:32:59 (Std) 	Created WindowFactory for 'ClippedContainer' windows.
14/06/2017 11:32:59 (Std) 	WindowFactory for 'ClippedContainer' windows added. (0x29d5530)
14/06/2017 11:32:59 (Std) 	Created WindowFactory for 'CEGUI/PushButton' windows.
14/06/2017 11:32:59 (Std) 	WindowFactory for 'CEGUI/PushButton' windows added. (0x29d56d0)
14/06/2017 11:32:59 (Std) 	Created WindowFactory for 'CEGUI/RadioButton' windows.
14/06/2017 11:32:59 (Std) 	WindowFactory for 'CEGUI/RadioButton' windows added. (0x29d5870)
14/06/2017 11:32:59 (Std) 	Created WindowFactory for 'CEGUI/Combobox' windows.
14/06/2017 11:32:59 (Std) 	WindowFactory for 'CEGUI/Combobox' windows added. (0x29d5a10)
14/06/2017 11:32:59 (Std) 	Created WindowFactory for 'CEGUI/ComboDropList' windows.
14/06/2017 11:32:59 (Std) 	WindowFactory for 'CEGUI/ComboDropList' windows added. (0x29d5bb0)
14/06/2017 11:32:59 (Std) 	Created WindowFactory for 'CEGUI/Editbox' windows.
14/06/2017 11:32:59 (Std) 	WindowFactory for 'CEGUI/Editbox' windows added. (0x29d5d50)
14/06/2017 11:32:59 (Std) 	Created WindowFactory for 'CEGUI/FrameWindow' windows.
14/06/2017 11:32:59 (Std) 	WindowFactory for 'CEGUI/FrameWindow' windows added. (0x29d5ef0)
14/06/2017 11:32:59 (Std) 	Created WindowFactory for 'CEGUI/ItemEntry' windows.
14/06/2017 11:32:59 (Std) 	WindowFactory for 'CEGUI/ItemEntry' windows added. (0x29d6090)
14/06/2017 11:32:59 (Std) 	Created WindowFactory for 'CEGUI/Listbox' windows.
14/06/2017 11:32:59 (Std) 	WindowFactory for 'CEGUI/Listbox' windows added. (0x29d6230)
14/06/2017 11:32:59 (Std) 	Created WindowFactory for 'CEGUI/ListHeader' windows.
14/06/2017 11:32:59 (Std) 	WindowFactory for 'CEGUI/ListHeader' windows added. (0x29d63d0)
14/06/2017 11:32:59 (Std) 	Created WindowFactory for 'CEGUI/ListHeaderSegment' windows.
14/06/2017 11:32:59 (Std) 	WindowFactory for 'CEGUI/ListHeaderSegment' windows added. (0x29d6570)
14/06/2017 11:32:59 (Std) 	Created WindowFactory for 'CEGUI/Menubar' windows.
14/06/2017 11:32:59 (Std) 	WindowFactory for 'CEGUI/Menubar' windows added. (0x29d6710)
14/06/2017 11:32:59 (Std) 	Created WindowFactory for 'CEGUI/PopupMenu' windows.
14/06/2017 11:32:59 (Std) 	WindowFactory for 'CEGUI/PopupMenu' windows added. (0x29d68b0)
14/06/2017 11:32:59 (Std) 	Created WindowFactory for 'CEGUI/MenuItem' windows.
14/06/2017 11:32:59 (Std) 	WindowFactory for 'CEGUI/MenuItem' windows added. (0x29d6a50)
14/06/2017 11:32:59 (Std) 	Created WindowFactory for 'CEGUI/MultiColumnList' windows.
14/06/2017 11:32:59 (Std) 	WindowFactory for 'CEGUI/MultiColumnList' windows added. (0x29d6d00)
14/06/2017 11:32:59 (Std) 	Created WindowFactory for 'CEGUI/MultiLineEditbox' windows.
14/06/2017 11:32:59 (Std) 	WindowFactory for 'CEGUI/MultiLineEditbox' windows added. (0x29d6ea0)
14/06/2017 11:32:59 (Std) 	Created WindowFactory for 'CEGUI/ProgressBar' windows.
14/06/2017 11:32:59 (Std) 	WindowFactory for 'CEGUI/ProgressBar' windows added. (0x29d7040)
14/06/2017 11:32:59 (Std) 	Created WindowFactory for 'CEGUI/ScrollablePane' windows.
14/06/2017 11:32:59 (Std) 	WindowFactory for 'CEGUI/ScrollablePane' windows added. (0x29d71e0)
14/06/2017 11:32:59 (Std) 	Created WindowFactory for 'CEGUI/Scrollbar' windows.
14/06/2017 11:32:59 (Std) 	WindowFactory for 'CEGUI/Scrollbar' windows added. (0x29d7380)
14/06/2017 11:32:59 (Std) 	Created WindowFactory for 'CEGUI/Slider' windows.
14/06/2017 11:32:59 (Std) 	WindowFactory for 'CEGUI/Slider' windows added. (0x29d7520)
14/06/2017 11:32:59 (Std) 	Created WindowFactory for 'CEGUI/Spinner' windows.
14/06/2017 11:32:59 (Std) 	WindowFactory for 'CEGUI/Spinner' windows added. (0x29d76c0)
14/06/2017 11:32:59 (Std) 	Created WindowFactory for 'CEGUI/TabButton' windows.
14/06/2017 11:32:59 (Std) 	WindowFactory for 'CEGUI/TabButton' windows added. (0x29d7860)
14/06/2017 11:32:59 (Std) 	Created WindowFactory for 'CEGUI/TabControl' windows.
14/06/2017 11:32:59 (Std) 	WindowFactory for 'CEGUI/TabControl' windows added. (0x29d7a00)
14/06/2017 11:32:59 (Std) 	Created WindowFactory for 'CEGUI/Thumb' windows.
14/06/2017 11:32:59 (Std) 	WindowFactory for 'CEGUI/Thumb' windows added. (0x29d7ba0)
14/06/2017 11:32:59 (Std) 	Created WindowFactory for 'CEGUI/Titlebar' windows.
14/06/2017 11:32:59 (Std) 	WindowFactory for 'CEGUI/Titlebar' windows added. (0x29d7d40)
14/06/2017 11:32:59 (Std) 	Created WindowFactory for 'CEGUI/ToggleButton' windows.
14/06/2017 11:32:59 (Std) 	WindowFactory for 'CEGUI/ToggleButton' windows added. (0x29d7ee0)
14/06/2017 11:32:59 (Std) 	Created WindowFactory for 'CEGUI/Tooltip' windows.
14/06/2017 11:32:59 (Std) 	WindowFactory for 'CEGUI/Tooltip' windows added. (0x29d8080)
14/06/2017 11:32:59 (Std) 	Created WindowFactory for 'CEGUI/ItemListbox' windows.
14/06/2017 11:32:59 (Std) 	WindowFactory for 'CEGUI/ItemListbox' windows added. (0x29d8220)
14/06/2017 11:32:59 (Std) 	Created WindowFactory for 'CEGUI/GroupBox' windows.
14/06/2017 11:32:59 (Std) 	WindowFactory for 'CEGUI/GroupBox' windows added. (0x29d83c0)
14/06/2017 11:32:59 (Std) 	Created WindowFactory for 'CEGUI/Tree' windows.
14/06/2017 11:32:59 (Std) 	WindowFactory for 'CEGUI/Tree' windows added. (0x29d8560)
14/06/2017 11:32:59 (Std) 	Created WindowFactory for 'LayoutCell' windows.
14/06/2017 11:32:59 (Std) 	WindowFactory for 'LayoutCell' windows added. (0x29d6bf0)
14/06/2017 11:32:59 (Std) 	Created WindowFactory for 'HorizontalLayoutContainer' windows.
14/06/2017 11:32:59 (Std) 	WindowFactory for 'HorizontalLayoutContainer' windows added. (0x29d89f0)
14/06/2017 11:32:59 (Std) 	Created WindowFactory for 'VerticalLayoutContainer' windows.
14/06/2017 11:32:59 (Std) 	WindowFactory for 'VerticalLayoutContainer' windows added. (0x29d8b90)
14/06/2017 11:32:59 (Std) 	Created WindowFactory for 'GridLayoutContainer' windows.
14/06/2017 11:32:59 (Std) 	WindowFactory for 'GridLayoutContainer' windows added. (0x29d8d30)
14/06/2017 11:32:59 (Std) 	CEGUI::System singleton created. (0x2559f50)
14/06/2017 11:32:59 (Std) 	---- CEGUI System initialisation completed ----
14/06/2017 11:32:59 (Std) 	
14/06/2017 11:32:59 (Std) 	Started creation of Scheme from XML specification:
14/06/2017 11:32:59 (Std) 	---- CEGUI GUIScheme name: Generic
14/06/2017 11:32:59 (Std) 	[ImageManager] Started creation of Imageset from XML specification:
14/06/2017 11:32:59 (Std) 	[ImageManager] ---- CEGUI Imageset name: SplashArt
14/06/2017 11:32:59 (Std) 	[ImageManager] ---- Source texture file: ../../image/SplashScreen2.png
14/06/2017 11:32:59 (Std) 	[ImageManager] ---- Source texture resource group: (Default)
14/06/2017 11:32:59 (Std) 	[OgreRenderer] Created texture: SplashArt
14/06/2017 11:32:59 (Std) 	[ImageManager] Created image: 'SplashArt/SplashArt' (0x3207340) of type: BasicImage
14/06/2017 11:32:59 (Std) 	===== Falagard 'root' element: look and feel parsing begins =====
14/06/2017 11:32:59 (Std) 	===== Look and feel parsing completed =====
14/06/2017 11:32:59 (Std) 	No window renderer factories specified for module 'CEGUICoreWindowRendererSet' - adding all available factories...
14/06/2017 11:32:59 (Std) 	Created WindowRendererFactory for 'Core/Button' WindowRenderers.
14/06/2017 11:32:59 (Std) 	WindowRendererFactory 'Core/Button' added. (0x32632d0)
14/06/2017 11:32:59 (Std) 	Created WindowRendererFactory for 'Core/Default' WindowRenderers.
14/06/2017 11:32:59 (Std) 	WindowRendererFactory 'Core/Default' added. (0x3263470)
14/06/2017 11:32:59 (Std) 	Created WindowRendererFactory for 'Core/Editbox' WindowRenderers.
14/06/2017 11:32:59 (Std) 	WindowRendererFactory 'Core/Editbox' added. (0x3263610)
14/06/2017 11:32:59 (Std) 	Created WindowRendererFactory for 'Core/FrameWindow' WindowRenderers.
14/06/2017 11:32:59 (Std) 	WindowRendererFactory 'Core/FrameWindow' added. (0x32637b0)
14/06/2017 11:32:59 (Std) 	Created WindowRendererFactory for 'Core/ItemEntry' WindowRenderers.
14/06/2017 11:32:59 (Std) 	WindowRendererFactory 'Core/ItemEntry' added. (0x3263950)
14/06/2017 11:32:59 (Std) 	Created WindowRendererFactory for 'Core/ListHeader' WindowRenderers.
14/06/2017 11:32:59 (Std) 	WindowRendererFactory 'Core/ListHeader' added. (0x29dc830)
14/06/2017 11:32:59 (Std) 	Created WindowRendererFactory for 'Core/ListHeaderSegment' WindowRenderers.
14/06/2017 11:32:59 (Std) 	WindowRendererFactory 'Core/ListHeaderSegment' added. (0x29dc9d0)
14/06/2017 11:32:59 (Std) 	Created WindowRendererFactory for 'Core/Listbox' WindowRenderers.
14/06/2017 11:32:59 (Std) 	WindowRendererFactory 'Core/Listbox' added. (0x29dcb70)
14/06/2017 11:32:59 (Std) 	Created WindowRendererFactory for 'Core/Menubar' WindowRenderers.
14/06/2017 11:32:59 (Std) 	WindowRendererFactory 'Core/Menubar' added. (0x29dcd10)
14/06/2017 11:32:59 (Std) 	Created WindowRendererFactory for 'Core/MenuItem' WindowRenderers.
14/06/2017 11:32:59 (Std) 	WindowRendererFactory 'Core/MenuItem' added. (0x29dceb0)
14/06/2017 11:32:59 (Std) 	Created WindowRendererFactory for 'Core/MultiColumnList' WindowRenderers.
14/06/2017 11:32:59 (Std) 	WindowRendererFactory 'Core/MultiColumnList' added. (0x29d93b0)
14/06/2017 11:32:59 (Std) 	Created WindowRendererFactory for 'Core/MultiLineEditbox' WindowRenderers.
14/06/2017 11:32:59 (Std) 	WindowRendererFactory 'Core/MultiLineEditbox' added. (0x29d9550)
14/06/2017 11:32:59 (Std) 	Created WindowRendererFactory for 'Core/PopupMenu' WindowRenderers.
14/06/2017 11:32:59 (Std) 	WindowRendererFactory 'Core/PopupMenu' added. (0x29d96f0)
14/06/2017 11:32:59 (Std) 	Created WindowRendererFactory for 'Core/ProgressBar' WindowRenderers.
14/06/2017 11:32:59 (Std) 	WindowRendererFactory 'Core/ProgressBar' added. (0x29d9890)
14/06/2017 11:32:59 (Std) 	Created WindowRendererFactory for 'Core/ScrollablePane' WindowRenderers.
14/06/2017 11:32:59 (Std) 	WindowRendererFactory 'Core/ScrollablePane' added. (0x29d9a30)
14/06/2017 11:32:59 (Std) 	Created WindowRendererFactory for 'Core/Scrollbar' WindowRenderers.
14/06/2017 11:32:59 (Std) 	WindowRendererFactory 'Core/Scrollbar' added. (0x29d9bd0)
14/06/2017 11:32:59 (Std) 	Created WindowRendererFactory for 'Core/Slider' WindowRenderers.
14/06/2017 11:32:59 (Std) 	WindowRendererFactory 'Core/Slider' added. (0x325b460)
14/06/2017 11:32:59 (Std) 	Created WindowRendererFactory for 'Core/Static' WindowRenderers.
14/06/2017 11:32:59 (Std) 	WindowRendererFactory 'Core/Static' added. (0x325b710)
14/06/2017 11:32:59 (Std) 	Created WindowRendererFactory for 'Core/StaticImage' WindowRenderers.
14/06/2017 11:32:59 (Std) 	WindowRendererFactory 'Core/StaticImage' added. (0x325b8b0)
14/06/2017 11:32:59 (Std) 	Created WindowRendererFactory for 'Core/StaticText' WindowRenderers.
14/06/2017 11:32:59 (Std) 	WindowRendererFactory 'Core/StaticText' added. (0x325ba50)
14/06/2017 11:32:59 (Std) 	Created WindowRendererFactory for 'Core/TabButton' WindowRenderers.
14/06/2017 11:32:59 (Std) 	WindowRendererFactory 'Core/TabButton' added. (0x325bbf0)
14/06/2017 11:32:59 (Std) 	Created WindowRendererFactory for 'Core/TabControl' WindowRenderers.
14/06/2017 11:32:59 (Std) 	WindowRendererFactory 'Core/TabControl' added. (0x325bd90)
14/06/2017 11:32:59 (Std) 	Created WindowRendererFactory for 'Core/Titlebar' WindowRenderers.
14/06/2017 11:32:59 (Std) 	WindowRendererFactory 'Core/Titlebar' added. (0x32624a0)
14/06/2017 11:32:59 (Std) 	Created WindowRendererFactory for 'Core/ToggleButton' WindowRenderers.
14/06/2017 11:32:59 (Std) 	WindowRendererFactory 'Core/ToggleButton' added. (0x3262640)
14/06/2017 11:32:59 (Std) 	Created WindowRendererFactory for 'Core/Tooltip' WindowRenderers.
14/06/2017 11:32:59 (Std) 	WindowRendererFactory 'Core/Tooltip' added. (0x32627e0)
14/06/2017 11:32:59 (Std) 	Created WindowRendererFactory for 'Core/ItemListbox' WindowRenderers.
14/06/2017 11:32:59 (Std) 	WindowRendererFactory 'Core/ItemListbox' added. (0x3262980)
14/06/2017 11:32:59 (Std) 	Created WindowRendererFactory for 'Core/Tree' WindowRenderers.
14/06/2017 11:32:59 (Std) 	WindowRendererFactory 'Core/Tree' added. (0x3262b20)
14/06/2017 11:32:59 (Std) 	Creating falagard mapping for type 'Generic/Label' using base type 'DefaultWindow', window renderer 'Core/Default' Look'N'Feel 'Generic/Label' and RenderEffect ''. (0x7ffec5586bc0)
14/06/2017 11:32:59 (Std) 	Creating falagard mapping for type 'Generic/Image' using base type 'DefaultWindow', window renderer 'Core/Default' Look'N'Feel 'Generic/Image' and RenderEffect ''. (0x7ffec5586bc0)
14/06/2017 11:32:59 (Std) 	Creating falagard mapping for type 'Generic/ImageButton' using base type 'CEGUI/PushButton', window renderer 'Core/Button' Look'N'Feel 'Generic/ImageButton' and RenderEffect ''. (0x7ffec5586bc0)
14/06/2017 11:32:59 (Std) 	Started creation of Scheme from XML specification:
14/06/2017 11:32:59 (Std) 	---- CEGUI GUIScheme name: Gauntlet
14/06/2017 11:32:59 (Std) 	[ImageManager] Started creation of Imageset from XML specification:
14/06/2017 11:32:59 (Std) 	[ImageManager] ---- CEGUI Imageset name: SplashArt
14/06/2017 11:32:59 (Std) 	[ImageManager] ---- Source texture file: ../../image/SplashScreen2.png
14/06/2017 11:32:59 (Std) 	[ImageManager] ---- Source texture resource group: (Default)
14/06/2017 11:32:59 (Std) 	[ImageManager] WARNING: Using existing texture: SplashArt
14/06/2017 11:32:59 (Std) 	[ImageManager] WARNING: Using existing image :SplashArt/SplashArt
14/06/2017 11:32:59 (Std) 	[ImageManager] Started creation of Imageset from XML specification:
14/06/2017 11:32:59 (Std) 	[ImageManager] ---- CEGUI Imageset name: MainMenuCursor
14/06/2017 11:32:59 (Std) 	[ImageManager] ---- Source texture file: ../../image/MainMenu.png
14/06/2017 11:32:59 (Std) 	[ImageManager] ---- Source texture resource group: (Default)
14/06/2017 11:32:59 (Std) 	[OgreRenderer] Created texture: MainMenuCursor
14/06/2017 11:32:59 (Std) 	[ImageManager] Created image: 'MainMenuCursor/Cursor1' (0x322d820) of type: BasicImage
14/06/2017 11:32:59 (Std) 	[ImageManager] Created image: 'MainMenuCursor/Cursor2' (0x322daf0) of type: BasicImage
14/06/2017 11:32:59 (Std) 	[ImageManager] Created image: 'MainMenuCursor/Cursor3' (0x322dd00) of type: BasicImage
14/06/2017 11:32:59 (Std) 	[ImageManager] Created image: 'MainMenuCursor/Cursor4' (0x322df10) of type: BasicImage
14/06/2017 11:32:59 (Std) 	[ImageManager] Started creation of Imageset from XML specification:
14/06/2017 11:32:59 (Std) 	[ImageManager] ---- CEGUI Imageset name: Menu
14/06/2017 11:32:59 (Std) 	[ImageManager] ---- Source texture file: ../../image/Menu.jpg
14/06/2017 11:32:59 (Std) 	[ImageManager] ---- Source texture resource group: (Default)
14/06/2017 11:32:59 (Std) 	[OgreRenderer] Created texture: Menu
14/06/2017 11:32:59 (Std) 	[ImageManager] Created image: 'Menu/Box' (0x322ec10) of type: BasicImage
14/06/2017 11:32:59 (Std) 	[ImageManager] Created image: 'Menu/Button' (0x322f1c0) of type: BasicImage
14/06/2017 11:32:59 (Std) 	[ImageManager] Created image: 'Menu/Frame' (0x322e760) of type: BasicImage
14/06/2017 11:32:59 (Std) 	[ImageManager] Created image: 'Menu/Barre' (0x3234a80) of type: BasicImage
14/06/2017 11:32:59 (Std) 	[ImageManager] Created image: 'Menu/Ornement' (0x3234c90) of type: BasicImage
14/06/2017 11:32:59 (Std) 	[ImageManager] Created image: 'Menu/Side' (0x3234ea0) of type: BasicImage
14/06/2017 11:32:59 (Std) 	[ImageManager] Created image: 'Menu/Life' (0x32350b0) of type: BasicImage
14/06/2017 11:32:59 (Std) 	[ImageManager] Created image: 'Menu/LifeEmpty' (0x32352c0) of type: BasicImage
14/06/2017 11:32:59 (Std) 	[ImageManager] Started creation of Imageset from XML specification:
14/06/2017 11:32:59 (Std) 	[ImageManager] ---- CEGUI Imageset name: PriestLogo
14/06/2017 11:32:59 (Std) 	[ImageManager] ---- Source texture file: ../../image/priestLogo.png
14/06/2017 11:32:59 (Std) 	[ImageManager] ---- Source texture resource group: (Default)
14/06/2017 11:32:59 (Std) 	[OgreRenderer] Created texture: PriestLogo
14/06/2017 11:32:59 (Std) 	[ImageManager] Created image: 'PriestLogo/PriestHead' (0x3260db0) of type: BasicImage
14/06/2017 11:32:59 (Std) 	[ImageManager] Started creation of Imageset from XML specification:
14/06/2017 11:32:59 (Std) 	[ImageManager] ---- CEGUI Imageset name: Valkyrie
14/06/2017 11:32:59 (Std) 	[ImageManager] ---- Source texture file: ../../image/valkyrieLogo.png
14/06/2017 11:32:59 (Std) 	[ImageManager] ---- Source texture resource group: (Default)
14/06/2017 11:32:59 (Std) 	[OgreRenderer] Created texture: Valkyrie
14/06/2017 11:32:59 (Std) 	[ImageManager] Created image: 'Valkyrie/ValkyrieHead' (0x3236c60) of type: BasicImage
14/06/2017 11:32:59 (Std) 	[ImageManager] Started creation of Imageset from XML specification:
14/06/2017 11:32:59 (Std) 	[ImageManager] ---- CEGUI Imageset name: AssassinLogo
14/06/2017 11:32:59 (Std) 	[ImageManager] ---- Source texture file: ../../image/assassinLogo.png
14/06/2017 11:32:59 (Std) 	[ImageManager] ---- Source texture resource group: (Default)
14/06/2017 11:32:59 (Std) 	[OgreRenderer] Created texture: AssassinLogo
14/06/2017 11:32:59 (Std) 	[ImageManager] Created image: 'AssassinLogo/AssassinHead' (0x34b3000) of type: BasicImage
14/06/2017 11:32:59 (Std) 	[ImageManager] Started creation of Imageset from XML specification:
14/06/2017 11:32:59 (Std) 	[ImageManager] ---- CEGUI Imageset name: Warrior
14/06/2017 11:32:59 (Std) 	[ImageManager] ---- Source texture file: ../../image/warriorLogo.png
14/06/2017 11:32:59 (Std) 	[ImageManager] ---- Source texture resource group: (Default)
14/06/2017 11:32:59 (Std) 	[OgreRenderer] Created texture: Warrior
14/06/2017 11:32:59 (Std) 	[ImageManager] Created image: 'Warrior/WarriorHead' (0x34b3aa0) of type: BasicImage
14/06/2017 11:32:59 (Std) 	[ImageManager] Started creation of Imageset from XML specification:
14/06/2017 11:32:59 (Std) 	[ImageManager] ---- CEGUI Imageset name: GameUI
14/06/2017 11:32:59 (Std) 	[ImageManager] ---- Source texture file: game_ui.jpg
14/06/2017 11:32:59 (Std) 	[ImageManager] ---- Source texture resource group: (Default)
14/06/2017 11:32:59 (Std) 	[OgreRenderer] Created texture: GameUI
14/06/2017 11:32:59 (Std) 	[ImageManager] Created image: 'GameUI/Frame' (0x34b49f0) of type: BasicImage
14/06/2017 11:32:59 (Std) 	[ImageManager] Created image: 'GameUI/Frame2' (0x3230700) of type: BasicImage
14/06/2017 11:32:59 (Std) 	[ImageManager] Started creation of Imageset from XML specification:
14/06/2017 11:32:59 (Std) 	[ImageManager] ---- CEGUI Imageset name: MainMenu
14/06/2017 11:32:59 (Std) 	[ImageManager] ---- Source texture file: ../../image/MainMenu.png
14/06/2017 11:32:59 (Std) 	[ImageManager] ---- Source texture resource group: (Default)
14/06/2017 11:32:59 (Std) 	[OgreRenderer] Created texture: MainMenu
14/06/2017 11:32:59 (Std) 	[ImageManager] Created image: 'MainMenu/Cursor' (0x34b58a0) of type: BasicImage
14/06/2017 11:32:59 (Std) 	---- Returning existing instance of Font named 'Runic-MT-13'.
14/06/2017 11:32:59 (Std) 	---- Returning existing instance of Font named 'Runic-MT-18'.
14/06/2017 11:32:59 (Std) 	---- Returning existing instance of Font named 'Runic-MT-20'.
14/06/2017 11:32:59 (Std) 	---- Returning existing instance of Font named 'Runic-MT-28'.
14/06/2017 11:32:59 (Std) 	===== Falagard 'root' element: look and feel parsing begins =====
14/06/2017 11:32:59 (Std) 	WidgetLookManager::addWidgetLook - Widget look and feel 'Generic/Label' already exists.  Replacing previous definition.
14/06/2017 11:32:59 (Std) 	WidgetLookManager::addWidgetLook - Widget look and feel 'Generic/Image' already exists.  Replacing previous definition.
14/06/2017 11:32:59 (Std) 	WidgetLookManager::addWidgetLook - Widget look and feel 'Generic/ImageButton' already exists.  Replacing previous definition.
14/06/2017 11:32:59 (Std) 	===== Look and feel parsing completed =====
14/06/2017 11:32:59 (Std) 	No window renderer factories specified for module 'CEGUICoreWindowRendererSet' - adding all available factories...
14/06/2017 11:32:59 (Error)	The C locale for LC_NUMERIC and/or LC_ALL is not set to "C". However, CEGUI is only ensured to parse strings and numbers correctly under the condition that the locale is set to "C". This is required, for example, when parsing files or converting from a (property-) value to a String (or vice-versa). If your code or one of your libraries change the locale (typically, by using the function "setlocale"), please set the locale back to the default everytime before a relevant call to CEGUI is issued to ensure that the parsing will be functional and correct. If you know what you are doing and there are no issues whatsoever, you may ignore this error message.
14/06/2017 11:32:59 (Std) 	---- Successfully completed loading of GUI layout from 'MainMenu.layout' ----
14/06/2017 11:32:59 (Std) 	[OgreRenderer] Created texture: Runic-MT-28_auto_glyph_images_32
14/06/2017 11:32:59 (Std) 	[OgreRenderer] Created texture: Runic-MT-20_auto_glyph_images_32
14/06/2017 11:34:53 (Std) 	[OgreRenderer] Destroyed texture: Menu
14/06/2017 11:34:53 (Std) 	[OgreRenderer] Destroyed texture: GameUI
14/06/2017 11:34:53 (Std) 	[OgreRenderer] Destroyed texture: Warrior
14/06/2017 11:34:53 (Std) 	[OgreRenderer] Destroyed texture: MainMenu
14/06/2017 11:34:53 (Std) 	[OgreRenderer] Destroyed texture: Valkyrie
14/06/2017 11:34:53 (Std) 	[OgreRenderer] Destroyed texture: SplashArt
14/06/2017 11:34:53 (Std) 	[OgreRenderer] Destroyed texture: PriestLogo
14/06/2017 11:34:53 (Std) 	[OgreRenderer] Destroyed texture: AssassinLogo
14/06/2017 11:34:53 (Std) 	[OgreRenderer] Destroyed texture: MainMenuCursor
14/06/2017 11:34:53 (Std) 	[OgreRenderer] Destroyed texture: Runic-MT-20_auto_glyph_images_32
14/06/2017 11:34:53 (Std) 	[OgreRenderer] Destroyed texture: Runic-MT-28_auto_glyph_images_32
