15:23:19: Creating resource group General
15:23:19: Creating resource group Internal
15:23:19: Creating resource group Autodetect
15:23:19: SceneManagerFactory for type 'DefaultSceneManager' registered.
15:23:19: Registering ResourceManager for type Material
15:23:19: Registering ResourceManager for type Mesh
15:23:19: Registering ResourceManager for type Skeleton
15:23:19: MovableObjectFactory for type 'ParticleSystem' registered.
15:23:19: ArchiveFactory for archive type FileSystem registered.
15:23:19: ArchiveFactory for archive type Zip registered.
15:23:19: ArchiveFactory for archive type EmbeddedZip registered.
15:23:19: DDS codec registering
15:23:19: FreeImage version: 3.17.0
15:23:19: This program uses FreeImage, a free, open source image library supporting all common bitmap formats. See http://freeimage.sourceforge.net for details
15:23:19: Supported formats: bmp,ico,jpg,jif,jpeg,jpe,jng,koa,iff,lbm,mng,pbm,pbm,pcd,pcx,pgm,pgm,png,ppm,ppm,ras,tga,targa,tif,tiff,wap,wbmp,wbm,psd,cut,xbm,xpm,gif,hdr,sgi,rgb,rgba,bw,exr,j2k,j2c,jp2,pfm,pct,pict,pic,3fr,arw,bay,bmq,cap,cine,cr2,crw,cs1,dc2,dcr,drf,dsc,dng,erf,fff,ia,iiq,k25,kc2,kdc,mdc,mef,mos,mrw,nef,nrw,orf,pef,ptx,pxn,qtk,raf,raw,rdc,rw2,rwl,rwz,sr2,srf,srw,sti,x3f,webp,jxr,wdp,hdp
15:23:19: Registering ResourceManager for type HighLevelGpuProgram
15:23:19: Registering ResourceManager for type Compositor
15:23:19: MovableObjectFactory for type 'Entity' registered.
15:23:19: MovableObjectFactory for type 'Light' registered.
15:23:19: MovableObjectFactory for type 'BillboardSet' registered.
15:23:19: MovableObjectFactory for type 'ManualObject' registered.
15:23:19: MovableObjectFactory for type 'BillboardChain' registered.
15:23:19: MovableObjectFactory for type 'RibbonTrail' registered.
15:23:19: Loading library /usr/local/lib/OGRE/RenderSystem_GL
15:23:19: Installing plugin: GL RenderSystem
15:23:19: OpenGL Rendering Subsystem created.
15:23:19: Plugin successfully installed
15:23:19: Loading library /usr/local/lib/OGRE/Plugin_ParticleFX
15:23:19: Installing plugin: ParticleFX
15:23:19: Particle Emitter Type 'Point' registered
15:23:19: Particle Emitter Type 'Box' registered
15:23:19: Particle Emitter Type 'Ellipsoid' registered
15:23:19: Particle Emitter Type 'Cylinder' registered
15:23:19: Particle Emitter Type 'Ring' registered
15:23:19: Particle Emitter Type 'HollowEllipsoid' registered
15:23:19: Particle Affector Type 'LinearForce' registered
15:23:19: Particle Affector Type 'ColourFader' registered
15:23:19: Particle Affector Type 'ColourFader2' registered
15:23:19: Particle Affector Type 'ColourImage' registered
15:23:19: Particle Affector Type 'ColourInterpolator' registered
15:23:19: Particle Affector Type 'Scaler' registered
15:23:19: Particle Affector Type 'Rotator' registered
15:23:19: Particle Affector Type 'DirectionRandomiser' registered
15:23:19: Particle Affector Type 'DeflectorPlane' registered
15:23:19: Plugin successfully installed
15:23:19: Loading library /usr/local/lib/OGRE/Plugin_BSPSceneManager
15:23:19: Installing plugin: BSP Scene Manager
15:23:19: Plugin successfully installed
15:23:19: Loading library /usr/local/lib/OGRE/Plugin_CgProgramManager
15:23:19: Installing plugin: Cg Program Manager
15:23:19: Plugin successfully installed
15:23:19: Loading library /usr/local/lib/OGRE/Plugin_PCZSceneManager
15:23:19: Installing plugin: Portal Connected Zone Scene Manager
15:23:19: PCZone Factory Type 'ZoneType_Default' registered
15:23:19: Plugin successfully installed
15:23:19: Loading library /usr/local/lib/OGRE/Plugin_OctreeZone
15:23:19: Installing plugin: Octree Zone Factory
15:23:19: Plugin successfully installed
15:23:19: Loading library /usr/local/lib/OGRE/Plugin_OctreeSceneManager
15:23:19: Installing plugin: Octree Scene Manager
15:23:19: Plugin successfully installed
15:23:19: *-*-* OGRE Initialising
15:23:19: *-*-* Version 1.9.0 (Ghadamon)
15:23:19: CPU Identifier & Features
15:23:19: -------------------------
15:23:19:  *   CPU ID: GenuineIntel: Intel(R) Core(TM) i7-5600U CPU @ 2.60GHz
15:23:19:  *      SSE: yes
15:23:19:  *     SSE2: yes
15:23:19:  *     SSE3: yes
15:23:19:  *      MMX: yes
15:23:19:  *   MMXEXT: yes
15:23:19:  *    3DNOW: no
15:23:19:  * 3DNOWEXT: no
15:23:19:  *     CMOV: yes
15:23:19:  *      TSC: yes
15:23:19:  *      FPU: yes
15:23:19:  *      PRO: yes
15:23:19:  *       HT: no
15:23:19: -------------------------
15:23:19: ******************************
*** Starting GLX Subsystem ***
******************************
15:23:19: Registering ResourceManager for type Texture
15:23:19: GLRenderSystem::_createRenderWindow "Gauntlet", 1920x1080 fullscreen  miscParams: FSAA=0 displayFrequency=60 Hz gamma=No vsync=No 
15:23:19: GLXWindow::create used FBConfigID = 175
15:23:19: GL_VERSION = 3.0 Mesa 12.0.6
15:23:19: GL_VENDOR = Intel Open Source Technology Center
15:23:19: GL_RENDERER = Mesa DRI Intel(R) HD Graphics 5500 (Broadwell GT2) 
15:23:19: GL_EXTENSIONS = GL_ARB_multisample GL_EXT_abgr GL_EXT_bgra GL_EXT_blend_color GL_EXT_blend_minmax GL_EXT_blend_subtract GL_EXT_copy_texture GL_EXT_polygon_offset GL_EXT_subtexture GL_EXT_texture_object GL_EXT_vertex_array GL_EXT_compiled_vertex_array GL_EXT_texture GL_EXT_texture3D GL_IBM_rasterpos_clip GL_ARB_point_parameters GL_EXT_draw_range_elements GL_EXT_packed_pixels GL_EXT_point_parameters GL_EXT_rescale_normal GL_EXT_separate_specular_color GL_EXT_texture_edge_clamp GL_SGIS_generate_mipmap GL_SGIS_texture_border_clamp GL_SGIS_texture_edge_clamp GL_SGIS_texture_lod GL_ARB_framebuffer_sRGB GL_ARB_multitexture GL_EXT_framebuffer_sRGB GL_IBM_multimode_draw_arrays GL_IBM_texture_mirrored_repeat GL_3DFX_texture_compression_FXT1 GL_ARB_texture_cube_map GL_ARB_texture_env_add GL_ARB_transpose_matrix GL_EXT_blend_func_separate GL_EXT_fog_coord GL_EXT_multi_draw_arrays GL_EXT_secondary_color GL_EXT_texture_env_add GL_EXT_texture_filter_anisotropic GL_EXT_texture_lod_bias GL_INGR_blend_func_separate GL_NV_blend_square GL_NV_light_max_exponent GL_NV_texgen_reflection GL_NV_texture_env_combine4 GL_S3_s3tc GL_SUN_multi_draw_arrays GL_ARB_texture_border_clamp GL_ARB_texture_compression GL_EXT_framebuffer_object GL_EXT_texture_compression_s3tc GL_EXT_texture_env_combine GL_EXT_texture_env_dot3 GL_MESA_window_pos GL_NV_packed_depth_stencil GL_NV_texture_rectangle GL_ARB_depth_texture GL_ARB_occlusion_query GL_ARB_shadow GL_ARB_texture_env_combine GL_ARB_texture_env_crossbar GL_ARB_texture_env_dot3 GL_ARB_texture_mirrored_repeat GL_ARB_window_pos GL_EXT_stencil_two_side GL_EXT_texture_cube_map GL_NV_depth_clamp GL_APPLE_packed_pixels GL_APPLE_vertex_array_object GL_ARB_draw_buffers GL_ARB_fragment_program GL_ARB_fragment_shader GL_ARB_shader_objects GL_ARB_vertex_program GL_ARB_vertex_shader GL_ATI_draw_buffers GL_ATI_texture_env_combine3 GL_ATI_texture_float GL_EXT_shadow_funcs GL_EXT_stencil_wrap GL_MESA_pack_invert GL_NV_primitive_restart GL_ARB_depth_clamp GL_ARB_fragment_program_shadow GL_ARB_half_float_pixel GL_ARB_occlusion_query2 GL_ARB_point_sprite GL_ARB_shading_language_100 GL_ARB_sync GL_ARB_texture_non_power_of_two GL_ARB_vertex_buffer_object GL_ATI_blend_equation_separate GL_EXT_blend_equation_separate GL_OES_read_format GL_ARB_color_buffer_float GL_ARB_pixel_buffer_object GL_ARB_texture_compression_rgtc GL_ARB_texture_float GL_ARB_texture_rectangle GL_EXT_packed_float GL_EXT_pixel_buffer_object GL_EXT_texture_compression_dxt1 GL_EXT_texture_compression_rgtc GL_EXT_texture_rectangle GL_EXT_texture_sRGB GL_EXT_texture_shared_exponent GL_ARB_framebuffer_object GL_EXT_framebuffer_blit GL_EXT_framebuffer_multisample GL_EXT_packed_depth_stencil GL_APPLE_object_purgeable GL_ARB_vertex_array_object GL_ATI_separate_stencil GL_EXT_draw_buffers2 GL_EXT_draw_instanced GL_EXT_gpu_program_parameters GL_EXT_texture_array GL_EXT_texture_integer GL_EXT_texture_sRGB_decode GL_EXT_timer_query GL_OES_EGL_image GL_ARB_copy_buffer GL_ARB_depth_buffer_float GL_ARB_draw_instanced GL_ARB_half_float_vertex GL_ARB_instanced_arrays GL_ARB_map_buffer_range GL_ARB_texture_rg GL_ARB_texture_swizzle GL_ARB_vertex_array_bgra GL_EXT_texture_swizzle GL_EXT_vertex_array_bgra GL_NV_conditional_render GL_AMD_conservative_depth GL_AMD_draw_buffers_blend GL_AMD_seamless_cubemap_per_texture GL_ARB_ES2_compatibility GL_ARB_blend_func_extended GL_ARB_debug_output GL_ARB_draw_buffers_blend GL_ARB_draw_elements_base_vertex GL_ARB_explicit_attrib_location GL_ARB_fragment_coord_conventions GL_ARB_provoking_vertex GL_ARB_sample_shading GL_ARB_sampler_objects GL_ARB_seamless_cube_map GL_ARB_shader_texture_lod GL_ARB_texture_cube_map_array GL_ARB_texture_gather GL_ARB_texture_multisample GL_ARB_texture_query_lod GL_ARB_texture_rgb10_a2ui GL_ARB_uniform_buffer_object GL_ARB_vertex_type_2_10_10_10_rev GL_EXT_provoking_vertex GL_EXT_texture_snorm GL_MESA_texture_signed_rgba GL_NV_texture_barrier GL_ARB_get_program_binary GL_ARB_robustness GL_ARB_separate_shader_objects GL_ARB_shader_bit_encoding GL_ARB_shader_precision GL_ARB_texture_compression_bptc GL_ARB_timer_query GL_ARB_transform_feedback2 GL_ARB_transform_feedback3 GL_ANGLE_texture_compression_dxt3 GL_ANGLE_texture_compression_dxt5 GL_ARB_compressed_texture_pixel_storage GL_ARB_conservative_depth GL_ARB_internalformat_query GL_ARB_map_buffer_alignment GL_ARB_shader_atomic_counters GL_ARB_shader_image_load_store GL_ARB_shading_language_420pack GL_ARB_shading_language_packing GL_ARB_texture_storage GL_ARB_transform_feedback_instanced GL_EXT_framebuffer_multisample_blit_scaled GL_EXT_transform_feedback GL_AMD_shader_trinary_minmax GL_ARB_ES3_compatibility GL_ARB_arrays_of_arrays GL_ARB_clear_buffer_object GL_ARB_compute_shader GL_ARB_copy_image GL_ARB_explicit_uniform_location GL_ARB_framebuffer_no_attachments GL_ARB_invalidate_subdata GL_ARB_program_interface_query GL_ARB_robust_buffer_access_behavior GL_ARB_shader_image_size GL_ARB_shader_storage_buffer_object GL_ARB_stencil_texturing GL_ARB_texture_query_levels GL_ARB_texture_storage_multisample GL_ARB_texture_view GL_ARB_vertex_attrib_binding GL_KHR_debug GL_KHR_robustness GL_ARB_buffer_storage GL_ARB_clear_texture GL_ARB_internalformat_query2 GL_ARB_multi_bind GL_ARB_query_buffer_object GL_ARB_seamless_cubemap_per_texture GL_ARB_shader_draw_parameters GL_ARB_texture_mirror_clamp_to_edge GL_ARB_texture_stencil8 GL_ARB_vertex_type_10f_11f_11f_rev GL_EXT_shader_integer_mix GL_ARB_clip_control GL_ARB_conditional_render_inverted GL_ARB_cull_distance GL_ARB_derivative_control GL_ARB_get_texture_sub_image GL_ARB_pipeline_statistics_query GL_ARB_shader_texture_image_samples GL_ARB_texture_barrier GL_EXT_polygon_offset_clamp GL_KHR_context_flush_control GL_KHR_robust_buffer_access_behavior GL_ARB_shader_clock GL_EXT_shader_samples_identical 
15:23:19: Supported GLX extensions: GLX_ARB_create_context GLX_ARB_create_context_profile GLX_ARB_create_context_robustness GLX_ARB_fbconfig_float GLX_ARB_framebuffer_sRGB GLX_ARB_get_proc_address GLX_ARB_multisample GLX_EXT_import_context GLX_EXT_visual_info GLX_EXT_visual_rating GLX_EXT_fbconfig_packed_float GLX_EXT_framebuffer_sRGB GLX_EXT_create_context_es2_profile GLX_EXT_create_context_es_profile GLX_MESA_copy_sub_buffer GLX_MESA_multithread_makecurrent GLX_MESA_query_renderer GLX_MESA_swap_control GLX_OML_swap_method GLX_OML_sync_control GLX_SGI_make_current_read GLX_SGI_swap_control GLX_SGI_video_sync GLX_SGIS_multisample GLX_SGIX_fbconfig GLX_SGIX_pbuffer GLX_SGIX_visual_select_group GLX_EXT_texture_from_pixmap GLX_INTEL_swap_event GLX_EXT_buffer_age 
15:23:19: ***************************
15:23:19: *** GL Renderer Started ***
15:23:19: ***************************
15:23:19: Registering ResourceManager for type GpuProgram
15:23:19: GLSL support detected
15:23:19: GL: Using GL_EXT_framebuffer_object for rendering to textures (best)
15:23:19: FBO PF_UNKNOWN depth/stencil support: D0S1 D0S4 D0S8 D0S16 D16S0 D16S1 D16S4 D16S8 D16S16 D24S0 D24S1 D24S4 D24S8 D24S16 D32S0 D32S1 D32S4 D32S8 D32S16 Packed-D24S8 
15:23:19: FBO PF_L8 depth/stencil support: D0S0 D0S1 D0S4 D0S8 D0S16 D16S0 D16S1 D16S4 D16S8 D16S16 D24S0 D24S1 D24S4 D24S8 D24S16 D32S0 D32S1 D32S4 D32S8 D32S16 Packed-D24S8 
15:23:19: FBO PF_L16 depth/stencil support: D0S0 D0S1 D0S4 D0S8 D0S16 D16S0 D16S1 D16S4 D16S8 D16S16 D24S0 D24S1 D24S4 D24S8 D24S16 D32S0 D32S1 D32S4 D32S8 D32S16 Packed-D24S8 
15:23:19: FBO PF_A8 depth/stencil support: D0S0 D0S1 D0S4 D0S8 D0S16 D16S0 D16S1 D16S4 D16S8 D16S16 D24S0 D24S1 D24S4 D24S8 D24S16 D32S0 D32S1 D32S4 D32S8 D32S16 Packed-D24S8 
15:23:19: FBO PF_R5G6B5 depth/stencil support: D0S0 D0S1 D0S4 D0S8 D0S16 D16S0 D16S1 D16S4 D16S8 D16S16 D24S0 D24S1 D24S4 D24S8 D24S16 D32S0 D32S1 D32S4 D32S8 D32S16 Packed-D24S8 
15:23:19: FBO PF_B5G6R5 depth/stencil support: D0S0 D0S1 D0S4 D0S8 D0S16 D16S0 D16S1 D16S4 D16S8 D16S16 D24S0 D24S1 D24S4 D24S8 D24S16 D32S0 D32S1 D32S4 D32S8 D32S16 Packed-D24S8 
15:23:19: FBO PF_A4R4G4B4 depth/stencil support: D0S0 D0S1 D0S4 D0S8 D0S16 D16S0 D16S1 D16S4 D16S8 D16S16 D24S0 D24S1 D24S4 D24S8 D24S16 D32S0 D32S1 D32S4 D32S8 D32S16 Packed-D24S8 
15:23:19: FBO PF_A1R5G5B5 depth/stencil support: D0S0 D0S1 D0S4 D0S8 D0S16 D16S0 D16S1 D16S4 D16S8 D16S16 D24S0 D24S1 D24S4 D24S8 D24S16 D32S0 D32S1 D32S4 D32S8 D32S16 Packed-D24S8 
15:23:19: FBO PF_R8G8B8 depth/stencil support: D0S0 D0S1 D0S4 D0S8 D0S16 D16S0 D16S1 D16S4 D16S8 D16S16 D24S0 D24S1 D24S4 D24S8 D24S16 D32S0 D32S1 D32S4 D32S8 D32S16 Packed-D24S8 
15:23:19: FBO PF_B8G8R8 depth/stencil support: D0S0 D0S1 D0S4 D0S8 D0S16 D16S0 D16S1 D16S4 D16S8 D16S16 D24S0 D24S1 D24S4 D24S8 D24S16 D32S0 D32S1 D32S4 D32S8 D32S16 Packed-D24S8 
15:23:19: FBO PF_A8R8G8B8 depth/stencil support: D0S0 D0S1 D0S4 D0S8 D0S16 D16S0 D16S1 D16S4 D16S8 D16S16 D24S0 D24S1 D24S4 D24S8 D24S16 D32S0 D32S1 D32S4 D32S8 D32S16 Packed-D24S8 
15:23:19: FBO PF_B8G8R8A8 depth/stencil support: D0S0 D0S1 D0S4 D0S8 D0S16 D16S0 D16S1 D16S4 D16S8 D16S16 D24S0 D24S1 D24S4 D24S8 D24S16 D32S0 D32S1 D32S4 D32S8 D32S16 Packed-D24S8 
15:23:19: FBO PF_A2R10G10B10 depth/stencil support: D0S0 D0S1 D0S4 D0S8 D0S16 D16S0 D16S1 D16S4 D16S8 D16S16 D24S0 D24S1 D24S4 D24S8 D24S16 D32S0 D32S1 D32S4 D32S8 D32S16 Packed-D24S8 
15:23:19: FBO PF_A2B10G10R10 depth/stencil support: D0S0 D0S1 D0S4 D0S8 D0S16 D16S0 D16S1 D16S4 D16S8 D16S16 D24S0 D24S1 D24S4 D24S8 D24S16 D32S0 D32S1 D32S4 D32S8 D32S16 Packed-D24S8 
15:23:19: FBO PF_FLOAT16_RGB depth/stencil support: D0S0 D0S1 D0S4 D0S8 D0S16 D16S0 D16S1 D16S4 D16S8 D16S16 D24S0 D24S1 D24S4 D24S8 D24S16 D32S0 D32S1 D32S4 D32S8 D32S16 Packed-D24S8 
15:23:19: FBO PF_FLOAT16_RGBA depth/stencil support: D0S0 D0S1 D0S4 D0S8 D0S16 D16S0 D16S1 D16S4 D16S8 D16S16 D24S0 D24S1 D24S4 D24S8 D24S16 D32S0 D32S1 D32S4 D32S8 D32S16 Packed-D24S8 
15:23:19: FBO PF_FLOAT32_RGBA depth/stencil support: D0S0 D0S1 D0S4 D0S8 D0S16 D16S0 D16S1 D16S4 D16S8 D16S16 D24S0 D24S1 D24S4 D24S8 D24S16 D32S0 D32S1 D32S4 D32S8 D32S16 Packed-D24S8 
15:23:19: FBO PF_X8R8G8B8 depth/stencil support: D0S0 D0S1 D0S4 D0S8 D0S16 D16S0 D16S1 D16S4 D16S8 D16S16 D24S0 D24S1 D24S4 D24S8 D24S16 D32S0 D32S1 D32S4 D32S8 D32S16 Packed-D24S8 
15:23:19: FBO PF_X8B8G8R8 depth/stencil support: D0S0 D0S1 D0S4 D0S8 D0S16 D16S0 D16S1 D16S4 D16S8 D16S16 D24S0 D24S1 D24S4 D24S8 D24S16 D32S0 D32S1 D32S4 D32S8 D32S16 Packed-D24S8 
15:23:19: FBO PF_SHORT_RGBA depth/stencil support: D0S0 D0S1 D0S4 D0S8 D0S16 D16S0 D16S1 D16S4 D16S8 D16S16 D24S0 D24S1 D24S4 D24S8 D24S16 D32S0 D32S1 D32S4 D32S8 D32S16 Packed-D24S8 
15:23:19: FBO PF_R3G3B2 depth/stencil support: D0S0 D0S1 D0S4 D0S8 D0S16 D16S0 D16S1 D16S4 D16S8 D16S16 D24S0 D24S1 D24S4 D24S8 D24S16 D32S0 D32S1 D32S4 D32S8 D32S16 Packed-D24S8 
15:23:19: FBO PF_FLOAT16_R depth/stencil support: D0S0 D0S1 D0S4 D0S8 D0S16 D16S0 D16S1 D16S4 D16S8 D16S16 D24S0 D24S1 D24S4 D24S8 D24S16 D32S0 D32S1 D32S4 D32S8 D32S16 Packed-D24S8 
15:23:19: FBO PF_FLOAT32_R depth/stencil support: D0S0 D0S1 D0S4 D0S8 D0S16 D16S0 D16S1 D16S4 D16S8 D16S16 D24S0 D24S1 D24S4 D24S8 D24S16 D32S0 D32S1 D32S4 D32S8 D32S16 Packed-D24S8 
15:23:19: FBO PF_SHORT_RGB depth/stencil support: D0S0 D0S1 D0S4 D0S8 D0S16 D16S0 D16S1 D16S4 D16S8 D16S16 D24S0 D24S1 D24S4 D24S8 D24S16 D32S0 D32S1 D32S4 D32S8 D32S16 Packed-D24S8 
15:23:19: [GL] : Valid FBO targets PF_UNKNOWN PF_L8 PF_L16 PF_A8 PF_R5G6B5 PF_B5G6R5 PF_A4R4G4B4 PF_A1R5G5B5 PF_R8G8B8 PF_B8G8R8 PF_A8R8G8B8 PF_B8G8R8A8 PF_A2R10G10B10 PF_A2B10G10R10 PF_FLOAT16_RGB PF_FLOAT16_RGBA PF_FLOAT32_RGBA PF_X8R8G8B8 PF_X8B8G8R8 PF_SHORT_RGBA PF_R3G3B2 PF_FLOAT16_R PF_FLOAT32_R PF_SHORT_RGB 
15:23:19: RenderSystem capabilities
15:23:19: -------------------------
15:23:19: RenderSystem Name: OpenGL Rendering Subsystem
15:23:19: GPU Vendor: intel
15:23:19: Device Name: Mesa DRI Intel(R) HD Graphics 5500 (Broadwell GT2) 
15:23:19: Driver Version: 3.0.0.0
15:23:19:  * Fixed function pipeline: yes
15:23:19:  * Hardware generation of mipmaps: no
15:23:19:  * Texture blending: yes
15:23:19:  * Anisotropic texture filtering: yes
15:23:19:  * Dot product texture operation: yes
15:23:19:  * Cube mapping: yes
15:23:19:  * Hardware stencil buffer: yes
15:23:19:    - Stencil depth: 8
15:23:19:    - Two sided stencil support: yes
15:23:19:    - Wrap stencil values: yes
15:23:19:  * Hardware vertex / index buffers: yes
15:23:19:  * 32-bit index buffers: yes
15:23:19:  * Vertex programs: yes
15:23:19:  * Number of floating-point constants for vertex programs: 4096
15:23:19:  * Number of integer constants for vertex programs: 0
15:23:19:  * Number of boolean constants for vertex programs: 0
15:23:19:  * Fragment programs: yes
15:23:19:  * Number of floating-point constants for fragment programs: 4096
15:23:19:  * Number of integer constants for fragment programs: 0
15:23:19:  * Number of boolean constants for fragment programs: 0
15:23:19:  * Geometry programs: no
15:23:19:  * Number of floating-point constants for geometry programs: 0
15:23:19:  * Number of integer constants for geometry programs: 3528
15:23:19:  * Number of boolean constants for geometry programs: 62959
15:23:19:  * Tesselation Hull programs: no
15:23:19:  * Number of floating-point constants for tesselation hull programs: 13881
15:23:19:  * Number of integer constants for tesselation hull programs: 48
15:23:19:  * Number of boolean constants for tesselation hull programs: 0
15:23:19:  * Tesselation Domain programs: no
15:23:19:  * Number of floating-point constants for tesselation domain programs: 0
15:23:19:  * Number of integer constants for tesselation domain programs: 3624
15:23:19:  * Number of boolean constants for tesselation domain programs: 62959
15:23:19:  * Compute programs: no
15:23:19:  * Number of floating-point constants for compute programs: 32589
15:23:19:  * Number of integer constants for compute programs: 0
15:23:19:  * Number of boolean constants for compute programs: 11
15:23:19:  * Supported Shader Profiles: arbfp1 arbvp1 glsl glsl100 glsl110 glsl120
15:23:19:  * Texture Compression: yes
15:23:19:    - DXT: yes
15:23:19:    - VTC: no
15:23:19:    - PVRTC: no
15:23:19:    - ATC: no
15:23:19:    - ETC1: no
15:23:19:    - ETC2: no
15:23:19:    - BC4/BC5: no
15:23:19:    - BC6H/BC7: no
15:23:19:  * Scissor Rectangle: yes
15:23:19:  * Hardware Occlusion Query: yes
15:23:19:  * User clip planes: yes
15:23:19:  * VET_UBYTE4 vertex element type: yes
15:23:19:  * Infinite far plane projection: yes
15:23:19:  * Hardware render-to-texture: yes
15:23:19:  * Floating point textures: yes
15:23:19:  * Non-power-of-two textures: yes
15:23:19:  * 1d textures: yes
15:23:19:  * Volume textures: yes
15:23:19:  * Multiple Render Targets: 8
15:23:19:    - With different bit depths: yes
15:23:19:  * Point Sprites: yes
15:23:19:  * Extended point parameters: yes
15:23:19:  * Max Point Size: 255
15:23:19:  * Vertex texture fetch: yes
15:23:19:  * Number of world matrices: 0
15:23:19:  * Number of texture units: 16
15:23:19:  * Stencil buffer depth: 8
15:23:19:  * Number of vertex blend matrices: 0
15:23:19:    - Max vertex textures: 32
15:23:19:    - Vertex textures shared: yes
15:23:19:  * Render to Vertex Buffer : no
15:23:19:  * Hardware Atomic Counters: no
15:23:19:  * GL 1.5 without VBO workaround: no
15:23:19:  * Frame Buffer objects: yes
15:23:19:  * Frame Buffer objects (ARB extension): no
15:23:19:  * Frame Buffer objects (ATI extension): no
15:23:19:  * PBuffer support: yes
15:23:19:  * GL 1.5 without HW-occlusion workaround: no
15:23:19:  * Vertex Array Objects: no
15:23:19:  * Separate shader objects: no
15:23:19: DefaultWorkQueue('Root') initialising on thread 7f4df5fe4800.
15:23:19: DefaultWorkQueue('Root')::WorkerFunc - thread 7f4de4597700 starting.
15:23:19: DefaultWorkQueue('Root')::WorkerFunc - thread 7f4de3d96700 starting.
15:23:19: DefaultWorkQueue('Root')::WorkerFunc - thread 7f4de3595700 starting.
15:23:19: Particle Renderer Type 'billboard' registered
15:23:19: SceneManagerFactory for type 'BspSceneManager' registered.
15:23:19: Registering ResourceManager for type BspLevel
15:23:19: SceneManagerFactory for type 'PCZSceneManager' registered.
15:23:19: MovableObjectFactory for type 'PCZLight' registered.
15:23:19: MovableObjectFactory for type 'Portal' registered.
15:23:19: MovableObjectFactory for type 'AntiPortal' registered.
15:23:19: PCZone Factory Type 'ZoneType_Octree' registered
15:23:19: SceneManagerFactory for type 'OctreeSceneManager' registered.
15:23:19: Creating resource group Fonts
15:23:19: Added resource location '../gfx/CeGui/fonts/' of type 'FileSystem' to resource group 'Fonts'
15:23:19: Creating resource group Imagesets
15:23:19: Added resource location '../gfx/CeGui/imagesets/' of type 'FileSystem' to resource group 'Imagesets'
15:23:19: Creating resource group Layouts
15:23:19: Added resource location '../gfx/CeGui/layouts/' of type 'FileSystem' to resource group 'Layouts'
15:23:19: Creating resource group LookNFeel
15:23:19: Added resource location '../gfx/CeGui/looknfeel/' of type 'FileSystem' to resource group 'LookNFeel'
15:23:19: Creating resource group Popular
15:23:19: Added resource location '../gfx/model/' of type 'FileSystem' to resource group 'Popular'
15:23:19: Added resource location '../gfx/model/ground/' of type 'FileSystem' to resource group 'Popular'
15:23:19: Added resource location '../gfx/model/assasin/' of type 'FileSystem' to resource group 'Popular'
15:23:19: Added resource location '../gfx/model/valkyrie/' of type 'FileSystem' to resource group 'Popular'
15:23:19: Added resource location '../gfx/model/warrior/' of type 'FileSystem' to resource group 'Popular'
15:23:19: Added resource location '../gfx/model/priest/' of type 'FileSystem' to resource group 'Popular'
15:23:19: Added resource location '../gfx/model/coin/' of type 'FileSystem' to resource group 'Popular'
15:23:19: Added resource location '../gfx/model/food/' of type 'FileSystem' to resource group 'Popular'
15:23:19: Added resource location '../gfx/model/pig/' of type 'FileSystem' to resource group 'Popular'
15:23:19: Added resource location '../gfx/model/ghost/' of type 'FileSystem' to resource group 'Popular'
15:23:19: Added resource location '../gfx/model/env/' of type 'FileSystem' to resource group 'Popular'
15:23:19: Added resource location '../gfx/model/chest/' of type 'FileSystem' to resource group 'Popular'
15:23:19: Added resource location '../gfx/model/balls/' of type 'FileSystem' to resource group 'Popular'
15:23:19: Added resource location '../gfx/model/boss/' of type 'FileSystem' to resource group 'Popular'
15:23:19: Added resource location '../gfx/model/miniboss/' of type 'FileSystem' to resource group 'Popular'
15:23:19: Creating resource group Schemes
15:23:19: Added resource location '../gfx/CeGui/schemes/' of type 'FileSystem' to resource group 'Schemes'
15:23:19: Parsing scripts for resource group Autodetect
15:23:19: Finished parsing scripts for resource group Autodetect
15:23:19: Creating resources for group Autodetect
15:23:19: All done
15:23:19: Parsing scripts for resource group Fonts
15:23:19: Finished parsing scripts for resource group Fonts
15:23:19: Creating resources for group Fonts
15:23:19: All done
15:23:19: Parsing scripts for resource group General
15:23:19: Finished parsing scripts for resource group General
15:23:19: Creating resources for group General
15:23:19: All done
15:23:19: Parsing scripts for resource group Imagesets
15:23:19: Finished parsing scripts for resource group Imagesets
15:23:19: Creating resources for group Imagesets
15:23:19: All done
15:23:19: Parsing scripts for resource group Internal
15:23:19: Finished parsing scripts for resource group Internal
15:23:19: Creating resources for group Internal
15:23:19: All done
15:23:19: Parsing scripts for resource group Layouts
15:23:19: Finished parsing scripts for resource group Layouts
15:23:19: Creating resources for group Layouts
15:23:19: All done
15:23:19: Parsing scripts for resource group LookNFeel
15:23:19: Finished parsing scripts for resource group LookNFeel
15:23:19: Creating resources for group LookNFeel
15:23:19: All done
15:23:19: Parsing scripts for resource group Popular
15:23:19: Parsing script knifeMat.material
15:23:19: Parsing script assasinMat.material
15:23:19: Parsing script spearMat.material
15:23:19: Parsing script valkyrieMat.material
15:23:19: Parsing script wing1Mat.material
15:23:19: Parsing script wing2Mat.material
15:23:19: Parsing script swordMat.material
15:23:19: Parsing script warriorMat.material
15:23:19: Parsing script priestMat.material
15:23:19: Parsing script wandMat.material
15:23:19: Parsing script coinMat.material
15:23:19: Parsing script food4Mat.material
15:23:19: Parsing script food2Mat.material
15:23:19: Parsing script mat1.material
15:23:19: Parsing script food1Mat.material
15:23:19: Parsing script food0Mat.material
15:23:19: Parsing script pigMat.material
15:23:19: Parsing script pigSwordMat.material
15:23:19: Parsing script ghostMat.material
15:23:19: Parsing script torch3Mat.material
15:23:19: Parsing script crateMat.material
15:23:19: Parsing script torch4Mat.material
15:23:19: Parsing script torch1Mat.material
15:23:19: DefaultWorkQueue('Root')::WorkerFunc - thread 7f4de2d94700 starting.
15:23:19: Parsing script pilar2Mat.material
15:23:19: Parsing script vaseMat.material
15:23:19: Parsing script torch2Mat.material
15:23:19: Parsing script wallMat.material
15:23:19: Parsing script pilar1Mat.material
15:23:19: Parsing script groundMat.material
15:23:19: Parsing script lockMat.material
15:23:19: Parsing script chestMat.material
15:23:19: Parsing script darkBallMat.material
15:23:19: Parsing script lightBallMat.material
15:23:19: Parsing script emptyMat.material
15:23:19: Parsing script knifeMat.material
15:23:19: Parsing script darkBallrIngMat.material
15:23:19: Parsing script bossMat.material
15:23:19: Parsing script miniBossMat.material
15:23:19: Finished parsing scripts for resource group Popular
15:23:19: Creating resources for group Popular
15:23:19: All done
15:23:19: Parsing scripts for resource group Schemes
15:23:19: Finished parsing scripts for resource group Schemes
15:23:19: Creating resources for group Schemes
15:23:19: All done
15:23:20: OGRE EXCEPTION(7:InternalErrorException): Cannot load GL vertex program Ogre/ShadowExtrudeDirLightFiniteDebug.  Line 299:
line 12, char 5: error: syntax error, unexpected IDENTIFIER, expecting RESULT or USED_IDENTIFIER
 in Ogre/ShadowExtrudeDirLightFiniteDebug at /home/myriam/IndieStudio/Install/ogre_build-master/ogre/RenderSystems/GL/src/OgreGLGpuProgram.cpp (line 251)
15:23:20: Gpu program Ogre/ShadowExtrudeDirLightFiniteDebug encountered an error during loading and is thus not supported.
15:23:20: Texture: spot_shadow_fade.png: Loading 1 faces(PF_R8G8B8,128x128x1) with 5 generated mipmaps from Image. Internal format is PF_X8R8G8B8,128x128x1.
15:23:26: Mesh: Loading wall.mesh.
15:23:26: Texture: wall.png: Loading 1 faces(PF_R8G8B8,564x564x1) with 5 generated mipmaps from Image. Internal format is PF_X8R8G8B8,564x564x1.
15:23:26: Mesh: Loading torch.mesh.
15:23:26: Texture: torch2.png: Loading 1 faces(PF_A8R8G8B8,8x128x1) with 5 generated mipmaps from Image. Internal format is PF_A8R8G8B8,8x128x1.
15:23:26: Texture: torch4.png: Loading 1 faces(PF_A8R8G8B8,32x32x1) with 5 generated mipmaps from Image. Internal format is PF_A8R8G8B8,32x32x1.
15:23:26: Texture: torch3.png: Loading 1 faces(PF_A8R8G8B8,32x32x1) with 5 generated mipmaps from Image. Internal format is PF_A8R8G8B8,32x32x1.
15:23:26: Texture: torch1.png: Loading 1 faces(PF_A8R8G8B8,128x64x1) with 5 generated mipmaps from Image. Internal format is PF_A8R8G8B8,128x64x1.
15:23:26: Texture: ground1.png: Loading 1 faces(PF_A8R8G8B8,1024x1024x1) with 5 generated mipmaps from Image. Internal format is PF_A8R8G8B8,1024x1024x1.
15:23:26: Mesh: Loading crate.mesh.
15:23:26: Texture: crate.png: Loading 1 faces(PF_A8R8G8B8,256x256x1) with 5 generated mipmaps from Image. Internal format is PF_A8R8G8B8,256x256x1.
15:23:26: Mesh: Loading vase.mesh.
15:23:26: Texture: vase.png: Loading 1 faces(PF_A8R8G8B8,128x128x1) with 5 generated mipmaps from Image. Internal format is PF_A8R8G8B8,128x128x1.
15:23:26: Mesh: Loading chest.mesh.
15:23:26: Skeleton: Loading chest.skeleton
15:23:26: Texture: chest.png: Loading 1 faces(PF_A8R8G8B8,64x32x1) with 5 generated mipmaps from Image. Internal format is PF_A8R8G8B8,64x32x1.
15:23:26: Texture: lock.png: Loading 1 faces(PF_A8R8G8B8,16x16x1) with 4 generated mipmaps from Image. Internal format is PF_A8R8G8B8,16x16x1.
15:23:26: Mesh: Loading warrior.mesh.
15:23:26: Skeleton: Loading warrior.skeleton
15:23:26: Texture: warrior.png: Loading 1 faces(PF_A8R8G8B8,512x512x1) with 5 generated mipmaps from Image. Internal format is PF_A8R8G8B8,512x512x1.
15:23:26: Texture: warriorSword.png: Loading 1 faces(PF_A8R8G8B8,512x512x1) with 5 generated mipmaps from Image. Internal format is PF_A8R8G8B8,512x512x1.
15:23:26: Mesh: Loading valkyrie.mesh.
15:23:26: Skeleton: Loading valkyrie.skeleton
15:23:26: Texture: valkyrie.png: Loading 1 faces(PF_A8R8G8B8,512x512x1) with 5 generated mipmaps from Image. Internal format is PF_A8R8G8B8,512x512x1.
15:23:26: Texture: wing1.png: Loading 1 faces(PF_A8R8G8B8,128x32x1) with 5 generated mipmaps from Image. Internal format is PF_A8R8G8B8,128x32x1.
15:23:26: Texture: wing2.png: Loading 1 faces(PF_A8R8G8B8,256x128x1) with 5 generated mipmaps from Image. Internal format is PF_A8R8G8B8,256x128x1.
15:23:26: Texture: spear2.png: Loading 1 faces(PF_R8G8B8,256x512x1) with 5 generated mipmaps from Image. Internal format is PF_X8R8G8B8,256x512x1.
15:23:26: WARNING: the mesh 'valkyrie.mesh' includes vertices without bone assignments. Those vertices will transform to wrong position when skeletal animation enabled. To eliminate this, assign at least one bone assignment per vertex on your mesh.
15:23:26: Mesh: Loading priest.mesh.
15:23:26: Skeleton: Loading priest.skeleton
15:23:26: Texture: priest.png: Loading 1 faces(PF_A8R8G8B8,512x512x1) with 5 generated mipmaps from Image. Internal format is PF_A8R8G8B8,512x512x1.
15:23:26: Texture: wand.png: Loading 1 faces(PF_R8G8B8,512x1024x1) with 5 generated mipmaps from Image. Internal format is PF_X8R8G8B8,512x1024x1.
15:23:26: WARNING: the mesh 'priest.mesh' includes vertices without bone assignments. Those vertices will transform to wrong position when skeletal animation enabled. To eliminate this, assign at least one bone assignment per vertex on your mesh.
15:23:26: Mesh: Loading assasin.mesh.
15:23:26: Skeleton: Loading assasin.skeleton
15:23:26: Texture: assasin.png: Loading 1 faces(PF_A8R8G8B8,512x512x1) with 5 generated mipmaps from Image. Internal format is PF_A8R8G8B8,512x512x1.
15:23:26: OGRE EXCEPTION(7:InternalErrorException): Error decoding image in FreeImageCodec::decode at /home/myriam/IndieStudio/Install/ogre_build-master/ogre/OgreMain/src/OgreFreeImageCodec.cpp (line 419)
15:23:26: Error loading texture knife.png. Texture layer will be blank. Loading the texture failed with the following exception: OGRE EXCEPTION(7:InternalErrorException): Error decoding image in FreeImageCodec::decode at /home/myriam/IndieStudio/Install/ogre_build-master/ogre/OgreMain/src/OgreFreeImageCodec.cpp (line 419)
15:23:26: WARNING: the mesh 'assasin.mesh' includes vertices without bone assignments. Those vertices will transform to wrong position when skeletal animation enabled. To eliminate this, assign at least one bone assignment per vertex on your mesh.
15:23:26: Mesh: Loading pig.mesh.
15:23:26: Skeleton: Loading pig.skeleton
15:23:26: Texture: pig.png: Loading 1 faces(PF_A8R8G8B8,64x64x1) with 5 generated mipmaps from Image. Internal format is PF_A8R8G8B8,64x64x1.
15:23:26: Texture: pigSword.png: Loading 1 faces(PF_A8R8G8B8,32x16x1) with 5 generated mipmaps from Image. Internal format is PF_A8R8G8B8,32x16x1.
15:23:28: Mesh: Loading lightBall.mesh.
15:23:28: Skeleton: Loading lightBall.skeleton
15:23:29: Mesh: Loading R_knife.mesh.
15:23:29: Skeleton: Loading R_knife.skeleton
15:23:29: Mesh: Loading empty.mesh.
15:23:29: Skeleton: Loading empty.skeleton
15:23:30: Mesh: Loading food1.mesh.
15:23:30: Skeleton: Loading food1.skeleton
15:23:30: Texture: food1.png: Loading 1 faces(PF_A8R8G8B8,64x64x1) with 5 generated mipmaps from Image. Internal format is PF_A8R8G8B8,64x64x1.
15:23:31: Mesh: Loading coin.mesh.
15:23:31: Skeleton: Loading coin.skeleton
15:23:31: Texture: coin.png: Loading 1 faces(PF_A8R8G8B8,64x64x1) with 5 generated mipmaps from Image. Internal format is PF_A8R8G8B8,64x64x1.
15:23:32: Mesh: Loading food0.mesh.
15:23:32: Skeleton: Loading food0.skeleton
15:23:32: Texture: food0.png: Loading 1 faces(PF_A8R8G8B8,64x64x1) with 5 generated mipmaps from Image. Internal format is PF_A8R8G8B8,64x64x1.
15:23:37: Mesh: Loading food4.mesh.
15:23:37: Skeleton: Loading food4.skeleton
15:23:37: Texture: food4.png: Loading 1 faces(PF_A8R8G8B8,64x64x1) with 5 generated mipmaps from Image. Internal format is PF_A8R8G8B8,64x64x1.
