Determining if the pthread_create exist failed with the following output:
Change Dir: /home/myriam/Projet/cpp_indie_studio/build/CMakeFiles/CMakeTmp

Run Build Command:"/usr/bin/make" "cmTC_33b17/fast"
/usr/bin/make -f CMakeFiles/cmTC_33b17.dir/build.make CMakeFiles/cmTC_33b17.dir/build
make[1] : on entre dans le répertoire « /home/myriam/Projet/cpp_indie_studio/build/CMakeFiles/CMakeTmp »
Building C object CMakeFiles/cmTC_33b17.dir/CheckSymbolExists.c.o
/usr/bin/cc     -o CMakeFiles/cmTC_33b17.dir/CheckSymbolExists.c.o   -c /home/myriam/Projet/cpp_indie_studio/build/CMakeFiles/CMakeTmp/CheckSymbolExists.c
Linking C executable cmTC_33b17
/home/myriam/clion-2017.1.3/bin/cmake/bin/cmake -E cmake_link_script CMakeFiles/cmTC_33b17.dir/link.txt --verbose=1
/usr/bin/cc       CMakeFiles/cmTC_33b17.dir/CheckSymbolExists.c.o  -o cmTC_33b17 -rdynamic 
CMakeFiles/cmTC_33b17.dir/CheckSymbolExists.c.o : Dans la fonction « main » :
CheckSymbolExists.c:(.text+0x16) : référence indéfinie vers « pthread_create »
collect2: error: ld returned 1 exit status
CMakeFiles/cmTC_33b17.dir/build.make:97 : la recette pour la cible « cmTC_33b17 » a échouée
make[1]: *** [cmTC_33b17] Erreur 1
make[1] : on quitte le répertoire « /home/myriam/Projet/cpp_indie_studio/build/CMakeFiles/CMakeTmp »
Makefile:126 : la recette pour la cible « cmTC_33b17/fast » a échouée
make: *** [cmTC_33b17/fast] Erreur 2

File /home/myriam/Projet/cpp_indie_studio/build/CMakeFiles/CMakeTmp/CheckSymbolExists.c:
/* */
#include <pthread.h>

int main(int argc, char** argv)
{
  (void)argv;
#ifndef pthread_create
  return ((int*)(&pthread_create))[argc];
#else
  (void)argc;
  return 0;
#endif
}

Determining if the function pthread_create exists in the pthreads failed with the following output:
Change Dir: /home/myriam/Projet/cpp_indie_studio/build/CMakeFiles/CMakeTmp

Run Build Command:"/usr/bin/make" "cmTC_e7570/fast"
/usr/bin/make -f CMakeFiles/cmTC_e7570.dir/build.make CMakeFiles/cmTC_e7570.dir/build
make[1] : on entre dans le répertoire « /home/myriam/Projet/cpp_indie_studio/build/CMakeFiles/CMakeTmp »
Building C object CMakeFiles/cmTC_e7570.dir/CheckFunctionExists.c.o
/usr/bin/cc    -DCHECK_FUNCTION_EXISTS=pthread_create   -o CMakeFiles/cmTC_e7570.dir/CheckFunctionExists.c.o   -c /home/myriam/clion-2017.1.3/bin/cmake/share/cmake-3.7/Modules/CheckFunctionExists.c
Linking C executable cmTC_e7570
/home/myriam/clion-2017.1.3/bin/cmake/bin/cmake -E cmake_link_script CMakeFiles/cmTC_e7570.dir/link.txt --verbose=1
/usr/bin/cc   -DCHECK_FUNCTION_EXISTS=pthread_create    CMakeFiles/cmTC_e7570.dir/CheckFunctionExists.c.o  -o cmTC_e7570 -rdynamic -lpthreads 
/usr/bin/ld : ne peut trouver -lpthreads
collect2: error: ld returned 1 exit status
CMakeFiles/cmTC_e7570.dir/build.make:97 : la recette pour la cible « cmTC_e7570 » a échouée
make[1]: *** [cmTC_e7570] Erreur 1
make[1] : on quitte le répertoire « /home/myriam/Projet/cpp_indie_studio/build/CMakeFiles/CMakeTmp »
Makefile:126 : la recette pour la cible « cmTC_e7570/fast » a échouée
make: *** [cmTC_e7570/fast] Erreur 2


